2021-09-27T01:18:01.491Z - info:   [13874] *** FOLDER: /Users/Shared/projects/kyma-experiments/event-registration-ui ***
2021-09-27T01:18:01.491Z - info:   [13874] AzureReposVSCode/1.161.1 (VSCode 1.54.3; Darwin 20.6.0; Node 12.18.3)
2021-09-27T01:18:01.491Z - debug:  [13874] Looking for an External Context at /Users/Shared/projects/kyma-experiments/event-registration-ui
2021-09-27T01:18:01.492Z - debug:  [13874] No External Context at /Users/Shared/projects/kyma-experiments/event-registration-ui
2021-09-27T01:18:01.493Z - debug:  [13874] Looking for TFVC repository at /Users/Shared/projects/kyma-experiments/event-registration-ui
2021-09-27T01:18:01.493Z - debug:  [13874] TFVC Creating Tfvc object with localPath='undefined'
2021-09-27T01:18:01.494Z - debug:  [13874] Using TFS proxy: 
2021-09-27T01:18:01.494Z - debug:  [13874] TFVC Retrieved from settings; localPath='./Users/i856410/Downloads/TEE-CLC-14.114.0/tf'
2021-09-27T01:18:01.494Z - warn:   [13874] TFVC ./Users/i856410/Downloads/TEE-CLC-14.114.0/tf does not exist.
2021-09-27T01:18:01.494Z - error:  [13874] Unable to find the TF executable. Please ensure TF is installed and the path specified contains the filename.
2021-09-27T13:01:57.037Z - info:   [01937] *** FOLDER: /Users/Shared/projects/kyma-experiments/event-registration-ui ***
2021-09-27T13:01:57.037Z - info:   [01937] AzureReposVSCode/1.161.1 (VSCode 1.54.3; Darwin 20.6.0; Node 12.18.3)
2021-09-27T13:01:57.038Z - debug:  [01937] Looking for an External Context at /Users/Shared/projects/kyma-experiments/event-registration-ui
2021-09-27T13:01:57.038Z - debug:  [01937] No External Context at /Users/Shared/projects/kyma-experiments/event-registration-ui
2021-09-27T13:01:57.047Z - debug:  [01937] Looking for TFVC repository at /Users/Shared/projects/kyma-experiments/event-registration-ui
2021-09-27T13:01:57.047Z - debug:  [01937] TFVC Creating Tfvc object with localPath='undefined'
2021-09-27T13:01:57.048Z - debug:  [01937] Using TFS proxy: 
2021-09-27T13:01:57.048Z - debug:  [01937] TFVC Retrieved from settings; localPath='./Users/i856410/Downloads/TEE-CLC-14.114.0/tf'
2021-09-27T13:01:57.049Z - warn:   [01937] TFVC ./Users/i856410/Downloads/TEE-CLC-14.114.0/tf does not exist.
2021-09-27T13:01:57.049Z - error:  [01937] Unable to find the TF executable. Please ensure TF is installed and the path specified contains the filename.
2021-09-27T21:31:36.010Z - debug:  [01937] Reinitializing due to onDidChangeConfiguration
2021-09-27T21:31:36.011Z - debug:  [01937] Polling interval value (minutes): 5
2021-09-27T21:31:36.011Z - debug:  [01937] Polling interval must be greater than 10 minutes.
2021-09-27T21:31:36.014Z - info:   [01937] *** FOLDER: /Users/Shared/projects/kyma-experiments/event-registration-ui ***
2021-09-27T21:31:36.014Z - info:   [01937] AzureReposVSCode/1.161.1 (VSCode 1.54.3; Darwin 20.6.0; Node 12.18.3)
2021-09-27T21:31:36.015Z - debug:  [01937] Looking for an External Context at /Users/Shared/projects/kyma-experiments/event-registration-ui
2021-09-27T21:31:36.015Z - debug:  [01937] No External Context at /Users/Shared/projects/kyma-experiments/event-registration-ui
2021-09-27T21:31:36.026Z - debug:  [01937] Looking for TFVC repository at /Users/Shared/projects/kyma-experiments/event-registration-ui
2021-09-27T21:31:36.026Z - debug:  [01937] TFVC Creating Tfvc object with localPath='undefined'
2021-09-27T21:31:36.026Z - debug:  [01937] Using TFS proxy: 
2021-09-27T21:31:36.026Z - debug:  [01937] TFVC Retrieved from settings; localPath='./Users/i856410/Downloads/TEE-CLC-14.114.0/tf'
2021-09-27T21:31:36.027Z - warn:   [01937] TFVC ./Users/i856410/Downloads/TEE-CLC-14.114.0/tf does not exist.
2021-09-27T21:31:36.027Z - error:  [01937] Unable to find the TF executable. Please ensure TF is installed and the path specified contains the filename.
2021-09-29T14:33:29.718Z - info:   [04761] *** FOLDER: /Users/Shared/projects/kyma-experiments/event-registration-ui ***
2021-09-29T14:33:29.719Z - info:   [04761] AzureReposVSCode/1.161.1 (VSCode 1.54.3; Darwin 20.6.0; Node 12.18.3)
2021-09-29T14:33:29.720Z - debug:  [04761] Looking for an External Context at /Users/Shared/projects/kyma-experiments/event-registration-ui
2021-09-29T14:33:29.721Z - debug:  [04761] No External Context at /Users/Shared/projects/kyma-experiments/event-registration-ui
2021-09-29T14:33:29.726Z - debug:  [04761] Looking for TFVC repository at /Users/Shared/projects/kyma-experiments/event-registration-ui
2021-09-29T14:33:29.726Z - debug:  [04761] TFVC Creating Tfvc object with localPath='undefined'
2021-09-29T14:33:29.727Z - debug:  [04761] Using TFS proxy: 
2021-09-29T14:33:29.727Z - debug:  [04761] TFVC Retrieved from settings; localPath='./Users/i856410/Downloads/TEE-CLC-14.114.0/tf'
2021-09-29T14:33:29.727Z - warn:   [04761] TFVC ./Users/i856410/Downloads/TEE-CLC-14.114.0/tf does not exist.
2021-09-29T14:33:29.728Z - error:  [04761] Unable to find the TF executable. Please ensure TF is installed and the path specified contains the filename.
2021-09-29T22:05:53.648Z - info:   [0970] *** FOLDER: /Users/Shared/projects/kyma-experiments/event-registration-ui ***
2021-09-29T22:05:53.648Z - info:   [0970] AzureReposVSCode/1.161.1 (VSCode 1.54.3; Darwin 20.6.0; Node 12.18.3)
2021-09-29T22:05:53.648Z - debug:  [0970] Looking for an External Context at /Users/Shared/projects/kyma-experiments/event-registration-ui
2021-09-29T22:05:53.649Z - debug:  [0970] No External Context at /Users/Shared/projects/kyma-experiments/event-registration-ui
2021-09-29T22:05:53.653Z - debug:  [0970] Looking for TFVC repository at /Users/Shared/projects/kyma-experiments/event-registration-ui
2021-09-29T22:05:53.653Z - debug:  [0970] TFVC Creating Tfvc object with localPath='undefined'
2021-09-29T22:05:53.655Z - debug:  [0970] Using TFS proxy: 
2021-09-29T22:05:53.655Z - debug:  [0970] TFVC Retrieved from settings; localPath='./Users/i856410/Downloads/TEE-CLC-14.114.0/tf'
2021-09-29T22:05:53.656Z - warn:   [0970] TFVC ./Users/i856410/Downloads/TEE-CLC-14.114.0/tf does not exist.
2021-09-29T22:05:53.657Z - error:  [0970] Unable to find the TF executable. Please ensure TF is installed and the path specified contains the filename.
2021-09-30T12:50:42.315Z - info:   [02410] *** FOLDER: /Users/Shared/projects/kyma-experiments/event-registration-ui ***
2021-09-30T12:50:42.315Z - info:   [02410] AzureReposVSCode/1.161.1 (VSCode 1.54.3; Darwin 20.6.0; Node 12.18.3)
2021-09-30T12:50:42.316Z - debug:  [02410] Looking for an External Context at /Users/Shared/projects/kyma-experiments/event-registration-ui
2021-09-30T12:50:42.316Z - debug:  [02410] No External Context at /Users/Shared/projects/kyma-experiments/event-registration-ui
2021-09-30T12:50:42.317Z - debug:  [02410] Looking for TFVC repository at /Users/Shared/projects/kyma-experiments/event-registration-ui
2021-09-30T12:50:42.317Z - debug:  [02410] TFVC Creating Tfvc object with localPath='undefined'
2021-09-30T12:50:42.318Z - debug:  [02410] Using TFS proxy: 
2021-09-30T12:50:42.318Z - debug:  [02410] TFVC Retrieved from settings; localPath='./Users/i856410/Downloads/TEE-CLC-14.114.0/tf'
2021-09-30T12:50:42.318Z - warn:   [02410] TFVC ./Users/i856410/Downloads/TEE-CLC-14.114.0/tf does not exist.
2021-09-30T12:50:42.319Z - error:  [02410] Unable to find the TF executable. Please ensure TF is installed and the path specified contains the filename.
2021-10-01T16:02:49.642Z - info:   [04840] *** FOLDER: /Users/Shared/projects/kyma-experiments/event-registration-ui ***
2021-10-01T16:02:49.642Z - info:   [04840] AzureReposVSCode/1.161.1 (VSCode 1.54.3; Darwin 20.6.0; Node 12.18.3)
2021-10-01T16:02:49.642Z - debug:  [04840] Looking for an External Context at /Users/Shared/projects/kyma-experiments/event-registration-ui
2021-10-01T16:02:49.642Z - debug:  [04840] No External Context at /Users/Shared/projects/kyma-experiments/event-registration-ui
2021-10-01T16:02:49.643Z - debug:  [04840] Looking for TFVC repository at /Users/Shared/projects/kyma-experiments/event-registration-ui
2021-10-01T16:02:49.643Z - debug:  [04840] TFVC Creating Tfvc object with localPath='undefined'
2021-10-01T16:02:49.644Z - debug:  [04840] Using TFS proxy: 
2021-10-01T16:02:49.644Z - debug:  [04840] TFVC Retrieved from settings; localPath='./Users/i856410/Downloads/TEE-CLC-14.114.0/tf'
2021-10-01T16:02:49.644Z - warn:   [04840] TFVC ./Users/i856410/Downloads/TEE-CLC-14.114.0/tf does not exist.
2021-10-01T16:02:49.644Z - error:  [04840] Unable to find the TF executable. Please ensure TF is installed and the path specified contains the filename.
2021-10-01T16:19:06.197Z - debug:  [04840] Reinitializing due to onDidChangeConfiguration
2021-10-01T16:19:06.198Z - debug:  [04840] Polling interval value (minutes): 5
2021-10-01T16:19:06.198Z - debug:  [04840] Polling interval must be greater than 10 minutes.
2021-10-01T16:19:06.201Z - info:   [04840] *** FOLDER: /Users/Shared/projects/kyma-experiments/event-registration-ui ***
2021-10-01T16:19:06.201Z - info:   [04840] AzureReposVSCode/1.161.1 (VSCode 1.54.3; Darwin 20.6.0; Node 12.18.3)
2021-10-01T16:19:06.201Z - debug:  [04840] Looking for an External Context at /Users/Shared/projects/kyma-experiments/event-registration-ui
2021-10-01T16:19:06.201Z - debug:  [04840] No External Context at /Users/Shared/projects/kyma-experiments/event-registration-ui
2021-10-01T16:19:06.211Z - debug:  [04840] Looking for TFVC repository at /Users/Shared/projects/kyma-experiments/event-registration-ui
2021-10-01T16:19:06.211Z - debug:  [04840] TFVC Creating Tfvc object with localPath='undefined'
2021-10-01T16:19:06.212Z - debug:  [04840] Using TFS proxy: 
2021-10-01T16:19:06.212Z - debug:  [04840] TFVC Retrieved from settings; localPath='./Users/i856410/Downloads/TEE-CLC-14.114.0/tf'
2021-10-01T16:19:06.212Z - warn:   [04840] TFVC ./Users/i856410/Downloads/TEE-CLC-14.114.0/tf does not exist.
2021-10-01T16:19:06.212Z - error:  [04840] Unable to find the TF executable. Please ensure TF is installed and the path specified contains the filename.
